commit 50b44795c951f2ae6889f9103c42ff7209f32a77
Author: hhhjyz <hhhjyz@hhhjyzdeMacBook-Air.local>
Date:   Mon Jan 5 17:38:10 2026 +0800

    add docker-compose.yml

commit 85e774c8c9e63f1ebbd7b45a45a25d762da6257b
Author: hhhjyz <hhhjyz@hhhjyzdeMacBook-Air.local>
Date:   Mon Jan 5 17:37:28 2026 +0800

    add the report

commit 74bff9ae5228dd77b84e372862636f4c477dbfbd
Author: hhhjyz <hhhjyz@hhhjyzdeMacBook-Air.local>
Date:   Mon Jan 5 17:23:31 2026 +0800

    final complete

commit 4ceb737416af64cba9d7fb40064722cba05d310e
Author: hhhjyz <hhhjyz@hhhjyzdeMacBook-Air.local>
Date:   Thu Dec 11 12:53:22 2025 +0800

    add exif

commit 153c2b15e56039e36a4b6d254fe141155346203d
Author: hhhjyz <hhhjyz@hhhjyzdeMacBook-Air.local>
Date:   Wed Dec 10 22:09:00 2025 +0800

    initial
